<?xml version="1.0" encoding="UTF-8"?>
<!-- Generated by org.testng.reporters.JUnitXMLReporter -->
<testsuite hostname="marta-HP-ProBook-430-G3" name="Default test" tests="12" failures="0" timestamp="19 Dec 2018 20:25:28 GMT" time="0.05" errors="0">
  <testcase name="testAddMethod" time="0.012" classname="pack_1.Calc_DataProviderTest_Hard"/>
  <testcase name="testAddMethod" time="0.0" classname="pack_1.Calc_DataProviderTest_Hard"/>
  <testcase name="testAddMethod" time="0.001" classname="pack_1.Calc_DataProviderTest_Hard"/>
  <testcase name="testDivideMethod" time="0.001" classname="pack_1.Calc_DataProviderTest_Hard"/>
  <testcase name="testDivideMethod" time="0.001" classname="pack_1.Calc_DataProviderTest_Hard"/>
  <testcase name="testDivideMethod" time="0.001" classname="pack_1.Calc_DataProviderTest_Hard"/>
  <testcase name="testMultiplyMethod" time="0.0" classname="pack_1.Calc_DataProviderTest_Hard"/>
  <testcase name="testMultiplyMethod" time="0.0" classname="pack_1.Calc_DataProviderTest_Hard"/>
  <testcase name="testMultiplyMethod" time="0.0" classname="pack_1.Calc_DataProviderTest_Hard"/>
  <testcase name="testSubtractMethod" time="0.0" classname="pack_1.Calc_DataProviderTest_Hard"/>
  <testcase name="testSubtractMethod" time="0.0" classname="pack_1.Calc_DataProviderTest_Hard"/>
  <testcase name="testSubtractMethod" time="0.0" classname="pack_1.Calc_DataProviderTest_Hard"/>
</testsuite> <!-- Default test -->
