<?xml version="1.0" encoding="UTF-8"?>
<testng-results skipped="0" failed="0" total="12" passed="12">
  <reporter-output>
  </reporter-output>
  <suite name="Default suite" duration-ms="50" started-at="2018-12-19T20:25:28Z" finished-at="2018-12-19T20:25:28Z">
    <groups>
    </groups>
    <test name="Default test" duration-ms="50" started-at="2018-12-19T20:25:28Z" finished-at="2018-12-19T20:25:28Z">
      <class name="pack_1.Calc_DataProviderTest_Hard">
        <test-method status="PASS" signature="testAddMethod(int, int, int)[pri:0, instance:pack_1.Calc_DataProviderTest_Hard@224aed64]" name="testAddMethod" duration-ms="12" started-at="2018-12-19T22:25:28Z" data-provider="addMethodDataProvider" finished-at="2018-12-19T22:25:28Z">
          <params>
            <param index="0">
              <value>
                <![CDATA[3]]>
              </value>
            </param>
            <param index="1">
              <value>
                <![CDATA[5]]>
              </value>
            </param>
            <param index="2">
              <value>
                <![CDATA[8]]>
              </value>
            </param>
          </params>
          <reporter-output>
          </reporter-output>
        </test-method> <!-- testAddMethod -->
        <test-method status="PASS" signature="testAddMethod(int, int, int)[pri:0, instance:pack_1.Calc_DataProviderTest_Hard@224aed64]" name="testAddMethod" duration-ms="0" started-at="2018-12-19T22:25:28Z" data-provider="addMethodDataProvider" finished-at="2018-12-19T22:25:28Z">
          <params>
            <param index="0">
              <value>
                <![CDATA[3]]>
              </value>
            </param>
            <param index="1">
              <value>
                <![CDATA[7]]>
              </value>
            </param>
            <param index="2">
              <value>
                <![CDATA[10]]>
              </value>
            </param>
          </params>
          <reporter-output>
          </reporter-output>
        </test-method> <!-- testAddMethod -->
        <test-method status="PASS" signature="testAddMethod(int, int, int)[pri:0, instance:pack_1.Calc_DataProviderTest_Hard@224aed64]" name="testAddMethod" duration-ms="1" started-at="2018-12-19T22:25:28Z" data-provider="addMethodDataProvider" finished-at="2018-12-19T22:25:28Z">
          <params>
            <param index="0">
              <value>
                <![CDATA[4]]>
              </value>
            </param>
            <param index="1">
              <value>
                <![CDATA[5]]>
              </value>
            </param>
            <param index="2">
              <value>
                <![CDATA[9]]>
              </value>
            </param>
          </params>
          <reporter-output>
          </reporter-output>
        </test-method> <!-- testAddMethod -->
        <test-method status="PASS" signature="testDivideMethod(int, int, int)[pri:0, instance:pack_1.Calc_DataProviderTest_Hard@224aed64]" name="testDivideMethod" duration-ms="1" started-at="2018-12-19T22:25:28Z" data-provider="divideMethodDataProvider" finished-at="2018-12-19T22:25:28Z">
          <params>
            <param index="0">
              <value>
                <![CDATA[10]]>
              </value>
            </param>
            <param index="1">
              <value>
                <![CDATA[5]]>
              </value>
            </param>
            <param index="2">
              <value>
                <![CDATA[2]]>
              </value>
            </param>
          </params>
          <reporter-output>
          </reporter-output>
        </test-method> <!-- testDivideMethod -->
        <test-method status="PASS" signature="testDivideMethod(int, int, int)[pri:0, instance:pack_1.Calc_DataProviderTest_Hard@224aed64]" name="testDivideMethod" duration-ms="1" started-at="2018-12-19T22:25:28Z" data-provider="divideMethodDataProvider" finished-at="2018-12-19T22:25:28Z">
          <params>
            <param index="0">
              <value>
                <![CDATA[9]]>
              </value>
            </param>
            <param index="1">
              <value>
                <![CDATA[3]]>
              </value>
            </param>
            <param index="2">
              <value>
                <![CDATA[3]]>
              </value>
            </param>
          </params>
          <reporter-output>
          </reporter-output>
        </test-method> <!-- testDivideMethod -->
        <test-method status="PASS" signature="testDivideMethod(int, int, int)[pri:0, instance:pack_1.Calc_DataProviderTest_Hard@224aed64]" name="testDivideMethod" duration-ms="1" started-at="2018-12-19T22:25:28Z" data-provider="divideMethodDataProvider" finished-at="2018-12-19T22:25:28Z">
          <params>
            <param index="0">
              <value>
                <![CDATA[21]]>
              </value>
            </param>
            <param index="1">
              <value>
                <![CDATA[3]]>
              </value>
            </param>
            <param index="2">
              <value>
                <![CDATA[7]]>
              </value>
            </param>
          </params>
          <reporter-output>
          </reporter-output>
        </test-method> <!-- testDivideMethod -->
        <test-method status="PASS" signature="testMultiplyMethod(int, int, int)[pri:0, instance:pack_1.Calc_DataProviderTest_Hard@224aed64]" name="testMultiplyMethod" duration-ms="0" started-at="2018-12-19T22:25:28Z" data-provider="multiplyMethodDataProvider" finished-at="2018-12-19T22:25:28Z">
          <params>
            <param index="0">
              <value>
                <![CDATA[2]]>
              </value>
            </param>
            <param index="1">
              <value>
                <![CDATA[5]]>
              </value>
            </param>
            <param index="2">
              <value>
                <![CDATA[10]]>
              </value>
            </param>
          </params>
          <reporter-output>
          </reporter-output>
        </test-method> <!-- testMultiplyMethod -->
        <test-method status="PASS" signature="testMultiplyMethod(int, int, int)[pri:0, instance:pack_1.Calc_DataProviderTest_Hard@224aed64]" name="testMultiplyMethod" duration-ms="0" started-at="2018-12-19T22:25:28Z" data-provider="multiplyMethodDataProvider" finished-at="2018-12-19T22:25:28Z">
          <params>
            <param index="0">
              <value>
                <![CDATA[3]]>
              </value>
            </param>
            <param index="1">
              <value>
                <![CDATA[7]]>
              </value>
            </param>
            <param index="2">
              <value>
                <![CDATA[21]]>
              </value>
            </param>
          </params>
          <reporter-output>
          </reporter-output>
        </test-method> <!-- testMultiplyMethod -->
        <test-method status="PASS" signature="testMultiplyMethod(int, int, int)[pri:0, instance:pack_1.Calc_DataProviderTest_Hard@224aed64]" name="testMultiplyMethod" duration-ms="0" started-at="2018-12-19T22:25:28Z" data-provider="multiplyMethodDataProvider" finished-at="2018-12-19T22:25:28Z">
          <params>
            <param index="0">
              <value>
                <![CDATA[4]]>
              </value>
            </param>
            <param index="1">
              <value>
                <![CDATA[5]]>
              </value>
            </param>
            <param index="2">
              <value>
                <![CDATA[20]]>
              </value>
            </param>
          </params>
          <reporter-output>
          </reporter-output>
        </test-method> <!-- testMultiplyMethod -->
        <test-method status="PASS" signature="testSubtractMethod(int, int, int)[pri:0, instance:pack_1.Calc_DataProviderTest_Hard@224aed64]" name="testSubtractMethod" duration-ms="0" started-at="2018-12-19T22:25:28Z" data-provider="subtractMethodDataProvider" finished-at="2018-12-19T22:25:28Z">
          <params>
            <param index="0">
              <value>
                <![CDATA[2]]>
              </value>
            </param>
            <param index="1">
              <value>
                <![CDATA[5]]>
              </value>
            </param>
            <param index="2">
              <value>
                <![CDATA[-3]]>
              </value>
            </param>
          </params>
          <reporter-output>
          </reporter-output>
        </test-method> <!-- testSubtractMethod -->
        <test-method status="PASS" signature="testSubtractMethod(int, int, int)[pri:0, instance:pack_1.Calc_DataProviderTest_Hard@224aed64]" name="testSubtractMethod" duration-ms="0" started-at="2018-12-19T22:25:28Z" data-provider="subtractMethodDataProvider" finished-at="2018-12-19T22:25:28Z">
          <params>
            <param index="0">
              <value>
                <![CDATA[3]]>
              </value>
            </param>
            <param index="1">
              <value>
                <![CDATA[7]]>
              </value>
            </param>
            <param index="2">
              <value>
                <![CDATA[-4]]>
              </value>
            </param>
          </params>
          <reporter-output>
          </reporter-output>
        </test-method> <!-- testSubtractMethod -->
        <test-method status="PASS" signature="testSubtractMethod(int, int, int)[pri:0, instance:pack_1.Calc_DataProviderTest_Hard@224aed64]" name="testSubtractMethod" duration-ms="0" started-at="2018-12-19T22:25:28Z" data-provider="subtractMethodDataProvider" finished-at="2018-12-19T22:25:28Z">
          <params>
            <param index="0">
              <value>
                <![CDATA[24]]>
              </value>
            </param>
            <param index="1">
              <value>
                <![CDATA[5]]>
              </value>
            </param>
            <param index="2">
              <value>
                <![CDATA[19]]>
              </value>
            </param>
          </params>
          <reporter-output>
          </reporter-output>
        </test-method> <!-- testSubtractMethod -->
      </class> <!-- pack_1.Calc_DataProviderTest_Hard -->
    </test> <!-- Default test -->
  </suite> <!-- Default suite -->
</testng-results>
